#
# There is insufficient memory for the Java Runtime Environment to continue.
# Native memory allocation (malloc) failed to allocate 769936 bytes for Chunk::new
# Possible reasons:
#   The system is out of physical RAM or swap space
#   The process is running with CompressedOops enabled, and the Java Heap may be blocking the growth of the native heap
# Possible solutions:
#   Reduce memory load on the system
#   Increase physical memory or swap space
#   Check if swap backing store is full
#   Decrease Java heap size (-Xmx/-Xms)
#   Decrease number of Java threads
#   Decrease Java thread stack sizes (-Xss)
#   Set larger code cache with -XX:ReservedCodeCacheSize=
#   JVM is running with Unscaled Compressed Oops mode in which the Java heap is
#     placed in the first 4GB address space. The Java Heap base address is the
#     maximum limit for the native heap growth. Please use -XX:HeapBaseMinAddress
#     to set the Java Heap base and to place the Java Heap above 4GB virtual address.
# This output file may be truncated or incomplete.
#
#  Out of Memory Error (c:/BuildAgent/work/5ff2f6c26000d570/src/hotspot/share/memory/arena.cpp:197), pid=1260, tid=8164
#
# JRE version: OpenJDK Runtime Environment (11.0.5+10) (build 11.0.5+10-b520.38)
# Java VM: OpenJDK 64-Bit Server VM (11.0.5+10-b520.38, mixed mode, sharing, tiered, compressed oops, g1 gc, windows-amd64)
# No core dump will be written. Minidumps are not enabled by default on client versions of Windows
#

---------------  S U M M A R Y ------------

Command Line: -ea -Didea.test.cyclic.buffer.size=1048576 -javaagent:E:\intellij idea ∏∂∑—∞Ê\IntelliJ IDEA 2019.3.3\lib\idea_rt.jar=51476:E:\intellij idea ∏∂∑—∞Ê\IntelliJ IDEA 2019.3.3\bin -Dfile.encoding=UTF-8 com.intellij.rt.junit.JUnitStarter -ideVersion5 -junit5 com.example.springbootquick.SpringbootQuickApplicationTests,contextLoads

Host: Intel(R) Core(TM) i5-7200U CPU @ 2.50GHz, 4 cores, 3G,  Windows 10 , 64 bit Build 18362 (10.0.18362.86)
Time: Tue Apr  7 15:56:47 2020 ?D1®≤°¿®∫°¡?®∫°¿?? elapsed time: 3 seconds (0d 0h 0m 3s)

---------------  T H R E A D  ---------------

Current thread (0x000001f8abb71800):  JavaThread "C2 CompilerThread0" daemon [_thread_in_native, id=8164, stack(0x000000d7e7200000,0x000000d7e7300000)]


Current CompileTask:
C2:   3160 1483       4       jdk.internal.loader.URLClassPath::getResource (74 bytes)

Stack: [0x000000d7e7200000,0x000000d7e7300000]
Native frames: (J=compiled Java code, j=interpreted, Vv=VM code, C=native code)
V  [jvm.dll+0x5dcafa]
V  [jvm.dll+0x70e375]
V  [jvm.dll+0x70f898]
V  [jvm.dll+0x70ff63]
V  [jvm.dll+0x23e238]
V  [jvm.dll+0xb8a9c]
V  [jvm.dll+0xb8fac]
V  [jvm.dll+0x34fc9d]
V  [jvm.dll+0x193f6c]
V  [jvm.dll+0x1f79ce]
V  [jvm.dll+0x1f6a94]
V  [jvm.dll+0x17f6fc]
V  [jvm.dll+0x204f77]
V  [jvm.dll+0x2037f1]
V  [jvm.dll+0x6d835f]
V  [jvm.dll+0x6d114d]
V  [jvm.dll+0x5dbdd6]
C  [ucrtbase.dll+0x1d912]
C  [KERNEL32.DLL+0x17bd4]
C  [ntdll.dll+0x6ce71]


---------------  P R O C E S S  ---------------

Threads class SMR info:
_java_thread_list=0x000001f8ac68d620, length=11, elements={
0x000001f8940cf800, 0x000001f8abb4a000, 0x000001f8abb4d000, 0x000001f8abb6d800,
0x000001f8abb6e800, 0x000001f8abb71800, 0x000001f8abbd9800, 0x000001f8abbe9000,
0x000001f8ac4a6000, 0x000001f8ac531800, 0x000001f8ac50c000
}

Java Threads: ( => current thread )
  0x000001f8940cf800 JavaThread "main" [_thread_in_Java, id=12048, stack(0x000000d7e6700000,0x000000d7e6800000)]
  0x000001f8abb4a000 JavaThread "Reference Handler" daemon [_thread_blocked, id=13996, stack(0x000000d7e6e00000,0x000000d7e6f00000)]
  0x000001f8abb4d000 JavaThread "Finalizer" daemon [_thread_blocked, id=10408, stack(0x000000d7e6f00000,0x000000d7e7000000)]
  0x000001f8abb6d800 JavaThread "Signal Dispatcher" daemon [_thread_blocked, id=2012, stack(0x000000d7e7000000,0x000000d7e7100000)]
  0x000001f8abb6e800 JavaThread "Attach Listener" daemon [_thread_blocked, id=5832, stack(0x000000d7e7100000,0x000000d7e7200000)]
=>0x000001f8abb71800 JavaThread "C2 CompilerThread0" daemon [_thread_in_native, id=8164, stack(0x000000d7e7200000,0x000000d7e7300000)]
  0x000001f8abbd9800 JavaThread "C1 CompilerThread0" daemon [_thread_blocked, id=15184, stack(0x000000d7e7300000,0x000000d7e7400000)]
  0x000001f8abbe9000 JavaThread "Sweeper thread" daemon [_thread_blocked, id=15200, stack(0x000000d7e7400000,0x000000d7e7500000)]
  0x000001f8ac4a6000 JavaThread "Common-Cleaner" daemon [_thread_blocked, id=7592, stack(0x000000d7e7500000,0x000000d7e7600000)]
  0x000001f8ac531800 JavaThread "Monitor Ctrl-Break" daemon [_thread_in_native, id=9480, stack(0x000000d7e7600000,0x000000d7e7700000)]
  0x000001f8ac50c000 JavaThread "Service Thread" daemon [_thread_blocked, id=1196, stack(0x000000d7e7700000,0x000000d7e7800000)]

Other Threads:
  0x000001f8abb45800 VMThread "VM Thread" [stack: 0x000000d7e6d00000,0x000000d7e6e00000] [id=12520]
  0x000001f8ac50f000 WatcherThread [stack: 0x000000d7e7800000,0x000000d7e7900000] [id=9536]
  0x000001f8940e8800 GCTaskThread "GC Thread#0" [stack: 0x000000d7e6800000,0x000000d7e6900000] [id=9672]
  0x000001f8aca94800 GCTaskThread "GC Thread#1" [stack: 0x000000d7e7a00000,0x000000d7e7b00000] [id=7628]
  0x000001f894102000 ConcurrentGCThread "G1 Main Marker" [stack: 0x000000d7e6900000,0x000000d7e6a00000] [id=3308]
  0x000001f894103800 ConcurrentGCThread "G1 Conc#0" [stack: 0x000000d7e6a00000,0x000000d7e6b00000] [id=13920]
  0x000001f894159800 ConcurrentGCThread "G1 Refine#0" [stack: 0x000000d7e6b00000,0x000000d7e6c00000] [id=5720]
  0x000001f89415a800 ConcurrentGCThread "G1 Young RemSet Sampling" [stack: 0x000000d7e6c00000,0x000000d7e6d00000] [id=10300]

Threads with active compile tasks:
C2 CompilerThread0   3197 1483       4       jdk.internal.loader.URLClassPath::getResource (74 bytes)

VM state:not at safepoint (normal execution)

VM Mutex/Monitor currently owned by a thread: None

Heap address: 0x00000000c1400000, size: 1004 MB, Compressed Oops mode: 32-bit
Narrow klass base: 0x0000000800000000, Narrow klass shift: 3
Compressed class space size: 1073741824 Address: 0x0000000840000000

Heap:
 garbage-first heap   total 65536K, used 13817K [0x00000000c1400000, 0x0000000100000000)
  region size 1024K, 12 young (12288K), 4 survivors (4096K)
 Metaspace       used 9102K, capacity 10427K, committed 10752K, reserved 1058816K
  class space    used 1139K, capacity 1429K, committed 1536K, reserved 1048576K
Heap Regions: E=young(eden), S=young(survivor), O=old, HS=humongous(starts), HC=humongous(continues), CS=collection set, F=free, A=archive, TAMS=top-at-mark-start (previous, next)
|   0|0x00000000c1400000, 0x00000000c1500000, 0x00000000c1500000|100%| O|  |TAMS 0x00000000c1400000, 0x00000000c1400000| Untracked 
|   1|0x00000000c1500000, 0x00000000c1600000, 0x00000000c1600000|100%| O|  |TAMS 0x00000000c1500000, 0x00000000c1500000| Untracked 
|   2|0x00000000c1600000, 0x00000000c16f1000, 0x00000000c1700000| 94%| O|  |TAMS 0x00000000c1600000, 0x00000000c1600000| Untracked 
|   3|0x00000000c1700000, 0x00000000c1700000, 0x00000000c1800000|  0%| F|  |TAMS 0x00000000c1700000, 0x00000000c1700000| Untracked 
|   4|0x00000000c1800000, 0x00000000c1800000, 0x00000000c1900000|  0%| F|  |TAMS 0x00000000c1800000, 0x00000000c1800000| Untracked 
|   5|0x00000000c1900000, 0x00000000c1900000, 0x00000000c1a00000|  0%| F|  |TAMS 0x00000000c1900000, 0x00000000c1900000| Untracked 
|   6|0x00000000c1a00000, 0x00000000c1a00000, 0x00000000c1b00000|  0%| F|  |TAMS 0x00000000c1a00000, 0x00000000c1a00000| Untracked 
|   7|0x00000000c1b00000, 0x00000000c1b00000, 0x00000000c1c00000|  0%| F|  |TAMS 0x00000000c1b00000, 0x00000000c1b00000| Untracked 
|   8|0x00000000c1c00000, 0x00000000c1c00000, 0x00000000c1d00000|  0%| F|  |TAMS 0x00000000c1c00000, 0x00000000c1c00000| Untracked 
|   9|0x00000000c1d00000, 0x00000000c1d00000, 0x00000000c1e00000|  0%| F|  |TAMS 0x00000000c1d00000, 0x00000000c1d00000| Untracked 
|  10|0x00000000c1e00000, 0x00000000c1e00000, 0x00000000c1f00000|  0%| F|  |TAMS 0x00000000c1e00000, 0x00000000c1e00000| Untracked 
|  11|0x00000000c1f00000, 0x00000000c1f00000, 0x00000000c2000000|  0%| F|  |TAMS 0x00000000c1f00000, 0x00000000c1f00000| Untracked 
|  12|0x00000000c2000000, 0x00000000c2000000, 0x00000000c2100000|  0%| F|  |TAMS 0x00000000c2000000, 0x00000000c2000000| Untracked 
|  13|0x00000000c2100000, 0x00000000c2100000, 0x00000000c2200000|  0%| F|  |TAMS 0x00000000c2100000, 0x00000000c2100000| Untracked 
|  14|0x00000000c2200000, 0x00000000c2200000, 0x00000000c2300000|  0%| F|  |TAMS 0x00000000c2200000, 0x00000000c2200000| Untracked 
|  15|0x00000000c2300000, 0x00000000c2300000, 0x00000000c2400000|  0%| F|  |TAMS 0x00000000c2300000, 0x00000000c2300000| Untracked 
|  16|0x00000000c2400000, 0x00000000c2400000, 0x00000000c2500000|  0%| F|  |TAMS 0x00000000c2400000, 0x00000000c2400000| Untracked 
|  17|0x00000000c2500000, 0x00000000c2500000, 0x00000000c2600000|  0%| F|  |TAMS 0x00000000c2500000, 0x00000000c2500000| Untracked 
|  18|0x00000000c2600000, 0x00000000c2600000, 0x00000000c2700000|  0%| F|  |TAMS 0x00000000c2600000, 0x00000000c2600000| Untracked 
|  19|0x00000000c2700000, 0x00000000c2700000, 0x00000000c2800000|  0%| F|  |TAMS 0x00000000c2700000, 0x00000000c2700000| Untracked 
|  20|0x00000000c2800000, 0x00000000c2800000, 0x00000000c2900000|  0%| F|  |TAMS 0x00000000c2800000, 0x00000000c2800000| Untracked 
|  21|0x00000000c2900000, 0x00000000c2900000, 0x00000000c2a00000|  0%| F|  |TAMS 0x00000000c2900000, 0x00000000c2900000| Untracked 
|  22|0x00000000c2a00000, 0x00000000c2a00000, 0x00000000c2b00000|  0%| F|  |TAMS 0x00000000c2a00000, 0x00000000c2a00000| Untracked 
|  23|0x00000000c2b00000, 0x00000000c2b00000, 0x00000000c2c00000|  0%| F|  |TAMS 0x00000000c2b00000, 0x00000000c2b00000| Untracked 
|  24|0x00000000c2c00000, 0x00000000c2c00000, 0x00000000c2d00000|  0%| F|  |TAMS 0x00000000c2c00000, 0x00000000c2c00000| Untracked 
|  25|0x00000000c2d00000, 0x00000000c2d00000, 0x00000000c2e00000|  0%| F|  |TAMS 0x00000000c2d00000, 0x00000000c2d00000| Untracked 
|  26|0x00000000c2e00000, 0x00000000c2e00000, 0x00000000c2f00000|  0%| F|  |TAMS 0x00000000c2e00000, 0x00000000c2e00000| Untracked 
|  27|0x00000000c2f00000, 0x00000000c2f00000, 0x00000000c3000000|  0%| F|  |TAMS 0x00000000c2f00000, 0x00000000c2f00000| Untracked 
|  28|0x00000000c3000000, 0x00000000c308d7e0, 0x00000000c3100000| 55%| S|CS|TAMS 0x00000000c3000000, 0x00000000c3000000| Complete 
|  29|0x00000000c3100000, 0x00000000c3200000, 0x00000000c3200000|100%| S|CS|TAMS 0x00000000c3100000, 0x00000000c3100000| Complete 
|  30|0x00000000c3200000, 0x00000000c3300000, 0x00000000c3300000|100%| S|CS|TAMS 0x00000000c3200000, 0x00000000c3200000| Complete 
|  31|0x00000000c3300000, 0x00000000c3400000, 0x00000000c3400000|100%| S|CS|TAMS 0x00000000c3300000, 0x00000000c3300000| Complete 
|  32|0x00000000c3400000, 0x00000000c3400000, 0x00000000c3500000|  0%| F|  |TAMS 0x00000000c3400000, 0x00000000c3400000| Untracked 
|  33|0x00000000c3500000, 0x00000000c3500000, 0x00000000c3600000|  0%| F|  |TAMS 0x00000000c3500000, 0x00000000c3500000| Untracked 
|  34|0x00000000c3600000, 0x00000000c3600000, 0x00000000c3700000|  0%| F|  |TAMS 0x00000000c3600000, 0x00000000c3600000| Untracked 
|  35|0x00000000c3700000, 0x00000000c3700000, 0x00000000c3800000|  0%| F|  |TAMS 0x00000000c3700000, 0x00000000c3700000| Untracked 
|  36|0x00000000c3800000, 0x00000000c3800000, 0x00000000c3900000|  0%| F|  |TAMS 0x00000000c3800000, 0x00000000c3800000| Untracked 
|  37|0x00000000c3900000, 0x00000000c3900000, 0x00000000c3a00000|  0%| F|  |TAMS 0x00000000c3900000, 0x00000000c3900000| Untracked 
|  38|0x00000000c3a00000, 0x00000000c3a00000, 0x00000000c3b00000|  0%| F|  |TAMS 0x00000000c3a00000, 0x00000000c3a00000| Untracked 
|  39|0x00000000c3b00000, 0x00000000c3b00000, 0x00000000c3c00000|  0%| F|  |TAMS 0x00000000c3b00000, 0x00000000c3b00000| Untracked 
|  40|0x00000000c3c00000, 0x00000000c3c00000, 0x00000000c3d00000|  0%| F|  |TAMS 0x00000000c3c00000, 0x00000000c3c00000| Untracked 
|  41|0x00000000c3d00000, 0x00000000c3d00000, 0x00000000c3e00000|  0%| F|  |TAMS 0x00000000c3d00000, 0x00000000c3d00000| Untracked 
|  42|0x00000000c3e00000, 0x00000000c3e00000, 0x00000000c3f00000|  0%| F|  |TAMS 0x00000000c3e00000, 0x00000000c3e00000| Untracked 
|  43|0x00000000c3f00000, 0x00000000c3f00000, 0x00000000c4000000|  0%| F|  |TAMS 0x00000000c3f00000, 0x00000000c3f00000| Untracked 
|  44|0x00000000c4000000, 0x00000000c4000000, 0x00000000c4100000|  0%| F|  |TAMS 0x00000000c4000000, 0x00000000c4000000| Untracked 
|  45|0x00000000c4100000, 0x00000000c4100000, 0x00000000c4200000|  0%| F|  |TAMS 0x00000000c4100000, 0x00000000c4100000| Untracked 
|  46|0x00000000c4200000, 0x00000000c4200000, 0x00000000c4300000|  0%| F|  |TAMS 0x00000000c4200000, 0x00000000c4200000| Untracked 
|  47|0x00000000c4300000, 0x00000000c4300000, 0x00000000c4400000|  0%| F|  |TAMS 0x00000000c4300000, 0x00000000c4300000| Untracked 
|  48|0x00000000c4400000, 0x00000000c4400000, 0x00000000c4500000|  0%| F|  |TAMS 0x00000000c4400000, 0x00000000c4400000| Untracked 
|  49|0x00000000c4500000, 0x00000000c4500000, 0x00000000c4600000|  0%| F|  |TAMS 0x00000000c4500000, 0x00000000c4500000| Untracked 
|  50|0x00000000c4600000, 0x00000000c4600000, 0x00000000c4700000|  0%| F|  |TAMS 0x00000000c4600000, 0x00000000c4600000| Untracked 
|  51|0x00000000c4700000, 0x00000000c4700000, 0x00000000c4800000|  0%| F|  |TAMS 0x00000000c4700000, 0x00000000c4700000| Untracked 
|  52|0x00000000c4800000, 0x00000000c4800000, 0x00000000c4900000|  0%| F|  |TAMS 0x00000000c4800000, 0x00000000c4800000| Untracked 
|  53|0x00000000c4900000, 0x00000000c4900000, 0x00000000c4a00000|  0%| F|  |TAMS 0x00000000c4900000, 0x00000000c4900000| Untracked 
|  54|0x00000000c4a00000, 0x00000000c4a00000, 0x00000000c4b00000|  0%| F|  |TAMS 0x00000000c4a00000, 0x00000000c4a00000| Untracked 
|  55|0x00000000c4b00000, 0x00000000c4b00000, 0x00000000c4c00000|  0%| F|  |TAMS 0x00000000c4b00000, 0x00000000c4b00000| Untracked 
|  56|0x00000000c4c00000, 0x00000000c4c80858, 0x00000000c4d00000| 50%| E|  |TAMS 0x00000000c4c00000, 0x00000000c4c00000| Complete 
|  57|0x00000000c4d00000, 0x00000000c4e00000, 0x00000000c4e00000|100%| E|CS|TAMS 0x00000000c4d00000, 0x00000000c4d00000| Complete 
|  58|0x00000000c4e00000, 0x00000000c4f00000, 0x00000000c4f00000|100%| E|CS|TAMS 0x00000000c4e00000, 0x00000000c4e00000| Complete 
|  59|0x00000000c4f00000, 0x00000000c5000000, 0x00000000c5000000|100%| E|CS|TAMS 0x00000000c4f00000, 0x00000000c4f00000| Complete 
|  60|0x00000000c5000000, 0x00000000c5100000, 0x00000000c5100000|100%| E|CS|TAMS 0x00000000c5000000, 0x00000000c5000000| Complete 
|  61|0x00000000c5100000, 0x00000000c5200000, 0x00000000c5200000|100%| E|CS|TAMS 0x00000000c5100000, 0x00000000c5100000| Complete 
|  62|0x00000000c5200000, 0x00000000c5300000, 0x00000000c5300000|100%| E|CS|TAMS 0x00000000c5200000, 0x00000000c5200000| Complete 
|  63|0x00000000c5300000, 0x00000000c5400000, 0x00000000c5400000|100%| E|CS|TAMS 0x00000000c5300000, 0x00000000c5300000| Complete 

Card table byte_map: [0x000001f8a7380000,0x000001f8a7580000] _byte_map_base: 0x000001f8a6d76000

Marking Bits (Prev, Next): (CMBitMap*) 0x000001f8940fd438, (CMBitMap*) 0x000001f8940fd470
 Prev Bits: [0x000001f8a7780000, 0x000001f8a8730000)
 Next Bits: [0x000001f8a8730000, 0x000001f8a96e0000)

Polling page: 0x000001f893890000

Metaspace:

Usage:
  Non-class:      8.79 MB capacity,     7.79 MB ( 89%) used,   976.34 KB ( 11%) free+waste,    48.25 KB ( <1%) overhead. 
      Class:      1.40 MB capacity,     1.11 MB ( 80%) used,   261.71 KB ( 18%) free+waste,    26.13 KB (  2%) overhead. 
       Both:     10.18 MB capacity,     8.90 MB ( 87%) used,     1.21 MB ( 12%) free+waste,    74.38 KB ( <1%) overhead. 

Virtual space:
  Non-class space:       10.00 MB reserved,       9.00 MB ( 90%) committed 
      Class space:        1.00 GB reserved,       1.50 MB ( <1%) committed 
             Both:        1.01 GB reserved,      10.50 MB (  1%) committed 

Chunk freelists:
   Non-Class:  26.00 KB
       Class:  11.00 KB
        Both:  37.00 KB

MaxMetaspaceSize: 17179869184.00 GB
CompressedClassSpaceSize: 1.00 GB

CodeHeap 'non-profiled nmethods': size=120064Kb used=584Kb max_used=584Kb free=119479Kb
 bounds [0x000001f89fc40000, 0x000001f89feb0000, 0x000001f8a7180000]
CodeHeap 'profiled nmethods': size=120000Kb used=3146Kb max_used=3146Kb free=116853Kb
 bounds [0x000001f898710000, 0x000001f898a30000, 0x000001f89fc40000]
CodeHeap 'non-nmethods': size=5696Kb used=1121Kb max_used=1131Kb free=4574Kb
 bounds [0x000001f898180000, 0x000001f8983f0000, 0x000001f898710000]
 total_blobs=2566 nmethods=1510 adapters=349
 compilation: enabled
              stopped_count=0, restarted_count=0
 full_count=0

Compilation events (20 events):
Event: 3.114 Thread 0x000001f8abbd9800 1499       3       java.lang.invoke.InfoFromMemberName::getDeclaringClass (8 bytes)
Event: 3.114 Thread 0x000001f8abbd9800 nmethod 1499 0x000001f898a1b590 code [0x000001f898a1b740, 0x000001f898a1b8d8]
Event: 3.131 Thread 0x000001f8abbd9800 1500       3       org.springframework.core.ResolvableType::forType (7 bytes)
Event: 3.131 Thread 0x000001f8abbd9800 nmethod 1500 0x000001f898a1b990 code [0x000001f898a1bb40, 0x000001f898a1bcb0]
Event: 3.131 Thread 0x000001f8abbd9800 1502       3       java.util.Collections::singletonIterator (9 bytes)
Event: 3.131 Thread 0x000001f8abbd9800 nmethod 1502 0x000001f898a1bd90 code [0x000001f898a1bf60, 0x000001f898a1c218]
Event: 3.131 Thread 0x000001f8abbd9800 1501       3       org.springframework.core.ResolvableType::forType (115 bytes)
Event: 3.132 Thread 0x000001f8abbd9800 nmethod 1501 0x000001f898a1c310 code [0x000001f898a1c580, 0x000001f898a1cfd0]
Event: 3.132 Thread 0x000001f8abbd9800 1503       3       org.springframework.core.ResolvableType::resolveClass (73 bytes)
Event: 3.132 Thread 0x000001f8abbd9800 nmethod 1503 0x000001f898a1d310 code [0x000001f898a1d540, 0x000001f898a1def0]
Event: 3.132 Thread 0x000001f8abbd9800 1504       3       org.springframework.core.ResolvableType::hashCode (22 bytes)
Event: 3.132 Thread 0x000001f8abbd9800 nmethod 1504 0x000001f898a1e090 code [0x000001f898a1e260, 0x000001f898a1e490]
Event: 3.134 Thread 0x000001f8abbd9800 1505       3       org.springframework.util.ObjectUtils::nullSafeHashCode (183 bytes)
Event: 3.134 Thread 0x000001f8abbd9800 nmethod 1505 0x000001f898a1e590 code [0x000001f898a1e8a0, 0x000001f898a20270]
Event: 3.136 Thread 0x000001f8abbd9800 1506       1       org.springframework.core.ResolvableType$DefaultVariableResolver::getSource (5 bytes)
Event: 3.136 Thread 0x000001f8abbd9800 nmethod 1506 0x000001f89fcd1190 code [0x000001f89fcd1340, 0x000001f89fcd1478]
Event: 3.146 Thread 0x000001f8abbd9800 1507       3       java.util.LinkedList::<init> (10 bytes)
Event: 3.146 Thread 0x000001f8abbd9800 nmethod 1507 0x000001f898a20510 code [0x000001f898a206e0, 0x000001f898a209d8]
Event: 3.146 Thread 0x000001f8abbd9800 1508       3       java.util.AbstractSequentialList::<init> (5 bytes)
Event: 3.146 Thread 0x000001f8abbd9800 nmethod 1508 0x000001f898a20b10 code [0x000001f898a20ce0, 0x000001f898a20f78]

GC Heap History (4 events):
Event: 1.096 GC heap before
{Heap before GC invocations=0 (full 0):
 garbage-first heap   total 65536K, used 13312K [0x00000000c1400000, 0x0000000100000000)
  region size 1024K, 14 young (14336K), 0 survivors (0K)
 Metaspace       used 2336K, capacity 5020K, committed 5120K, reserved 1056768K
  class space    used 219K, capacity 503K, committed 512K, reserved 1048576K
}
Event: 1.104 GC heap after
{Heap after GC invocations=1 (full 0):
 garbage-first heap   total 65536K, used 5060K [0x00000000c1400000, 0x0000000100000000)
  region size 1024K, 2 young (2048K), 2 survivors (2048K)
 Metaspace       used 2336K, capacity 5020K, committed 5120K, reserved 1056768K
  class space    used 219K, capacity 503K, committed 512K, reserved 1048576K
}
Event: 2.971 GC heap before
{Heap before GC invocations=1 (full 0):
 garbage-first heap   total 65536K, used 35780K [0x00000000c1400000, 0x0000000100000000)
  region size 1024K, 32 young (32768K), 2 survivors (2048K)
 Metaspace       used 8057K, capacity 9566K, committed 9856K, reserved 1058816K
  class space    used 984K, capacity 1290K, committed 1408K, reserved 1048576K
}
Event: 2.981 GC heap after
{Heap after GC invocations=2 (full 0):
 garbage-first heap   total 65536K, used 6649K [0x00000000c1400000, 0x0000000100000000)
  region size 1024K, 4 young (4096K), 4 survivors (4096K)
 Metaspace       used 8057K, capacity 9566K, committed 9856K, reserved 1058816K
  class space    used 984K, capacity 1290K, committed 1408K, reserved 1048576K
}

Deoptimization events (20 events):
Event: 2.559 Thread 0x000001f8940cf800 Uncommon trap: trap_request=0xffffffde fr.pc=0x000001f89fc91c0c relative=0x000000000000026c
Event: 2.559 Thread 0x000001f8940cf800 Uncommon trap: reason=class_check action=maybe_recompile pc=0x000001f89fc91c0c method=java.lang.String.equals(Ljava/lang/Object;)Z @ 8 c2
Event: 2.559 Thread 0x000001f8940cf800 DEOPT PACKING pc=0x000001f89fc91c0c sp=0x000000d7e67fd7f0
Event: 2.559 Thread 0x000001f8940cf800 DEOPT UNPACKING pc=0x000001f8981a922f sp=0x000000d7e67fd788 mode 2
Event: 2.742 Thread 0x000001f8940cf800 Uncommon trap: trap_request=0xffffff4d fr.pc=0x000001f89fc6ef6c relative=0x0000000000000a0c
Event: 2.742 Thread 0x000001f8940cf800 Uncommon trap: reason=unstable_if action=reinterpret pc=0x000001f89fc6ef6c method=java.util.zip.ZipFile$Source.getEntryPos([BZ)I @ 156 c2
Event: 2.742 Thread 0x000001f8940cf800 DEOPT PACKING pc=0x000001f89fc6ef6c sp=0x000000d7e67fd0d0
Event: 2.742 Thread 0x000001f8940cf800 DEOPT UNPACKING pc=0x000001f8981a922f sp=0x000000d7e67fd070 mode 2
Event: 2.821 Thread 0x000001f8940cf800 Uncommon trap: trap_request=0xffffffde fr.pc=0x000001f89fc7c9bc relative=0x0000000000000e7c
Event: 2.821 Thread 0x000001f8940cf800 Uncommon trap: reason=class_check action=maybe_recompile pc=0x000001f89fc7c9bc method=java.util.HashMap.putVal(ILjava/lang/Object;Ljava/lang/Object;ZZ)Ljava/lang/Object; @ 203 c2
Event: 2.822 Thread 0x000001f8940cf800 DEOPT PACKING pc=0x000001f89fc7c9bc sp=0x000000d7e67fc870
Event: 2.822 Thread 0x000001f8940cf800 DEOPT UNPACKING pc=0x000001f8981a922f sp=0x000000d7e67fc7c8 mode 2
Event: 2.828 Thread 0x000001f8940cf800 Uncommon trap: trap_request=0xffffff4d fr.pc=0x000001f89fc7c9d8 relative=0x0000000000000e98
Event: 2.828 Thread 0x000001f8940cf800 Uncommon trap: reason=unstable_if action=reinterpret pc=0x000001f89fc7c9d8 method=java.util.HashMap.hash(Ljava/lang/Object;)I @ 1 c2
Event: 2.828 Thread 0x000001f8940cf800 DEOPT PACKING pc=0x000001f89fc7c9d8 sp=0x000000d7e67fc830
Event: 2.828 Thread 0x000001f8940cf800 DEOPT UNPACKING pc=0x000001f8981a922f sp=0x000000d7e67fc7e0 mode 2
Event: 3.017 Thread 0x000001f8940cf800 Uncommon trap: trap_request=0xffffff4d fr.pc=0x000001f89fc7e340 relative=0x00000000000000a0
Event: 3.017 Thread 0x000001f8940cf800 Uncommon trap: reason=unstable_if action=reinterpret pc=0x000001f89fc7e340 method=sun.reflect.generics.parser.SignatureParser.current()C @ 39 c2
Event: 3.017 Thread 0x000001f8940cf800 DEOPT PACKING pc=0x000001f89fc7e340 sp=0x000000d7e67fc4f0
Event: 3.017 Thread 0x000001f8940cf800 DEOPT UNPACKING pc=0x000001f8981a922f sp=0x000000d7e67fc488 mode 2

Classes redefined (0 events):
No events

Internal exceptions (20 events):
Event: 1.617 Thread 0x000001f8940cf800 Exception <a 'java/lang/NoSuchMethodError'{0x00000000c4e66f18}: 'java.lang.Object java.lang.invoke.Invokers$Holder.linkToTargetMethod(java.lang.Object, java.lang.Object, java.lang.Object, java.lang.Object, java.lang.Object, java.lang.Object)'> (0x00000000
Event: 1.720 Thread 0x000001f8940cf800 Exception <a 'java/lang/NoSuchMethodError'{0x00000000c4dadb80}: 'java.lang.Object java.lang.invoke.DirectMethodHandle$Holder.invokeSpecialIFC(java.lang.Object, java.lang.Object, java.lang.Object, java.lang.Object)'> (0x00000000c4dadb80) thrown at [c:/Buil
Event: 1.752 Thread 0x000001f8940cf800 Exception <a 'java/lang/IncompatibleClassChangeError'{0x00000000c4c2e438}: Found class java.lang.Object, but interface was expected> (0x00000000c4c2e438) thrown at [c:/BuildAgent/work/5ff2f6c26000d570/src/hotspot/share/interpreter/linkResolver.cpp, line 8
Event: 1.764 Thread 0x000001f8940cf800 Exception <a 'java/lang/IncompatibleClassChangeError'{0x00000000c4c691c8}: Found class java.lang.Object, but interface was expected> (0x00000000c4c691c8) thrown at [c:/BuildAgent/work/5ff2f6c26000d570/src/hotspot/share/interpreter/linkResolver.cpp, line 8
Event: 1.774 Thread 0x000001f8940cf800 Exception <a 'java/lang/NoSuchMethodError'{0x00000000c4c8d838}: 'void java.lang.invoke.DirectMethodHandle$Holder.invokeSpecial(java.lang.Object, java.lang.Object, java.lang.Object, java.lang.Object, java.lang.Object)'> (0x00000000c4c8d838) thrown at [c:/B
Event: 1.854 Thread 0x000001f8940cf800 Exception <a 'java/lang/NoSuchMethodError'{0x00000000c4bd2790}: 'void java.lang.invoke.DirectMethodHandle$Holder.invokeInterface(java.lang.Object, java.lang.Object, java.lang.Object, java.lang.Object)'> (0x00000000c4bd2790) thrown at [c:/BuildAgent/work/5
Event: 1.864 Thread 0x000001f8940cf800 Exception <a 'java/lang/NoSuchMethodError'{0x00000000c4a02e90}: 'void java.lang.invoke.DirectMethodHandle$Holder.invokeSpecial(java.lang.Object, java.lang.Object, java.lang.Object, java.lang.Object)'> (0x00000000c4a02e90) thrown at [c:/BuildAgent/work/5ff
Event: 1.915 Thread 0x000001f8940cf800 Exception <a 'java/lang/IncompatibleClassChangeError'{0x00000000c4a6fc50}: Found class java.lang.Object, but interface was expected> (0x00000000c4a6fc50) thrown at [c:/BuildAgent/work/5ff2f6c26000d570/src/hotspot/share/interpreter/linkResolver.cpp, line 8
Event: 1.952 Thread 0x000001f8940cf800 Exception <a 'java/lang/NoSuchMethodError'{0x00000000c4a98088}: 'java.lang.Object java.lang.invoke.DirectMethodHandle$Holder.invokeVirtual(java.lang.Object, java.lang.Object, java.lang.Object)'> (0x00000000c4a98088) thrown at [c:/BuildAgent/work/5ff2f6c26
Event: 2.065 Thread 0x000001f8940cf800 Exception <a 'java/lang/NoSuchMethodError'{0x00000000c49d50c8}: 'void java.lang.invoke.DirectMethodHandle$Holder.invokeSpecial(java.lang.Object, java.lang.Object)'> (0x00000000c49d50c8) thrown at [c:/BuildAgent/work/5ff2f6c26000d570/src/hotspot/share/inte
Event: 2.085 Thread 0x000001f8940cf800 Exception <a 'java/lang/NoSuchMethodError'{0x00000000c483fe28}: 'int java.lang.invoke.DirectMethodHandle$Holder.invokeStatic(java.lang.Object, java.lang.Object, java.lang.Object, java.lang.Object, java.lang.Object)'> (0x00000000c483fe28) thrown at [c:/Bui
Event: 2.149 Thread 0x000001f8940cf800 Exception <a 'java/lang/NoSuchMethodError'{0x00000000c473c578}: 'int java.lang.invoke.DirectMethodHandle$Holder.invokeStaticInit(java.lang.Object, java.lang.Object, java.lang.Object)'> (0x00000000c473c578) thrown at [c:/BuildAgent/work/5ff2f6c26000d570/sr
Event: 2.209 Thread 0x000001f8940cf800 Exception <a 'java/lang/NoSuchMethodError'{0x00000000c46149c8}: 'int java.lang.invoke.DirectMethodHandle$Holder.invokeStaticInit(java.lang.Object, java.lang.Object)'> (0x00000000c46149c8) thrown at [c:/BuildAgent/work/5ff2f6c26000d570/src/hotspot/share/in
Event: 2.324 Thread 0x000001f8940cf800 Exception <a 'java/lang/ClassNotFoundException'{0x00000000c4233420}: javax/smartcardio/CardPermission> (0x00000000c4233420) thrown at [c:/BuildAgent/work/5ff2f6c26000d570/src/hotspot/share/classfile/systemDictionary.cpp, line 231]
Event: 2.333 Thread 0x000001f8940cf800 Exception <a 'java/io/FileNotFoundException'{0x00000000c4243d90}> (0x00000000c4243d90) thrown at [c:/BuildAgent/work/5ff2f6c26000d570/src/hotspot/share/prims/jni.cpp, line 615]
Event: 2.467 Thread 0x000001f8940cf800 Exception <a 'java/lang/NoSuchMethodError'{0x00000000c4078190}: 'org.slf4j.impl.StaticMDCBinder org.slf4j.impl.StaticMDCBinder.getSingleton()'> (0x00000000c4078190) thrown at [c:/BuildAgent/work/5ff2f6c26000d570/src/hotspot/share/interpreter/linkResolver.
Event: 2.544 Thread 0x000001f8940cf800 Exception <a 'java/lang/NoSuchMethodError'{0x00000000c3d15608}: 'int java.lang.invoke.DirectMethodHandle$Holder.invokeInterface(java.lang.Object, java.lang.Object)'> (0x00000000c3d15608) thrown at [c:/BuildAgent/work/5ff2f6c26000d570/src/hotspot/share/int
Event: 2.682 Thread 0x000001f8940cf800 Exception <a 'java/lang/NoSuchMethodError'{0x00000000c39c2190}: 'void java.lang.invoke.DirectMethodHandle$Holder.invokeStatic(java.lang.Object, java.lang.Object, java.lang.Object, java.lang.Object, java.lang.Object)'> (0x00000000c39c2190) thrown at [c:/Bu
Event: 2.828 Thread 0x000001f8940cf800 Implicit null exception at 0x000001f89fc7bb91 to 0x000001f89fc7c9be
Event: 2.965 Thread 0x000001f8940cf800 Exception <a 'java/lang/NoSuchMethodError'{0x00000000c34cd480}: 'void java.lang.invoke.DirectMethodHandle$Holder.invokeVirtual(java.lang.Object, java.lang.Object, java.lang.Object, java.lang.Object)'> (0x00000000c34cd480) thrown at [c:/BuildAgent/work/5ff

Events (20 events):
Event: 3.155 loading class org/springframework/boot/context/properties/bind/BindConverter$ResolvableTypeDescriptor
Event: 3.155 loading class org/springframework/boot/context/properties/bind/BindConverter$ResolvableTypeDescriptor done
Event: 3.155 loading class org/springframework/beans/propertyeditors/FileEditor
Event: 3.155 loading class org/springframework/beans/propertyeditors/FileEditor done
Event: 3.156 loading class java/beans/PropertyEditorSupport
Event: 3.156 loading class java/beans/PropertyEditor
Event: 3.156 loading class java/beans/PropertyEditor done
Event: 3.156 loading class java/beans/PropertyEditorSupport done
Event: 3.156 loading class org/springframework/boot/context/properties/bind/BindConverter$TypeConverterConversionService
Event: 3.156 loading class org/springframework/boot/context/properties/bind/BindConverter$TypeConverterConversionService done
Event: 3.156 loading class org/springframework/boot/context/properties/bind/BindConverter$TypeConverterConverter
Event: 3.156 loading class org/springframework/boot/context/properties/bind/BindConverter$TypeConverterConverter done
Event: 3.156 loading class org/springframework/beans/SimpleTypeConverter
Event: 3.156 loading class org/springframework/beans/SimpleTypeConverter done
Event: 3.157 loading class org/springframework/beans/TypeConverterSupport
Event: 3.157 loading class org/springframework/beans/TypeConverterSupport done
Event: 3.157 loading class org/springframework/beans/TypeConverter
Event: 3.157 loading class org/springframework/beans/TypeConverter done
Event: 3.158 loading class org/springframework/beans/PropertyEditorRegistrySupport
Event: 3.158 loading class org/springframework/beans/PropertyEditorRegistrySupport done


Dynamic libraries:
0x00007ff725f00000 - 0x00007ff725f0a000 	E:\intellij idea ∏∂∑—∞Ê\IntelliJ IDEA 2019.3.3\jbr\bin\java.exe
0x00007ff9cc040000 - 0x00007ff9cc230000 	C:\windows\SYSTEM32\ntdll.dll
0x00007ff9cbc80000 - 0x00007ff9cbd32000 	C:\windows\System32\KERNEL32.DLL
0x00007ff9c9200000 - 0x00007ff9c94a3000 	C:\windows\System32\KERNELBASE.dll
0x00007ff9c9ed0000 - 0x00007ff9c9fca000 	C:\windows\System32\ucrtbase.dll
0x00007ff9bd840000 - 0x00007ff9bd859000 	E:\intellij idea ∏∂∑—∞Ê\IntelliJ IDEA 2019.3.3\jbr\bin\jli.dll
0x00007ff9b2490000 - 0x00007ff9b24a7000 	E:\intellij idea ∏∂∑—∞Ê\IntelliJ IDEA 2019.3.3\jbr\bin\VCRUNTIME140.dll
0x00007ff9cbd40000 - 0x00007ff9cbed3000 	C:\windows\System32\USER32.dll
0x00007ff9ca070000 - 0x00007ff9ca091000 	C:\windows\System32\win32u.dll
0x00007ff9cb990000 - 0x00007ff9cb9b6000 	C:\windows\System32\GDI32.dll
0x00007ff9c9060000 - 0x00007ff9c91f4000 	C:\windows\System32\gdi32full.dll
0x00007ff9bb7e0000 - 0x00007ff9bba65000 	C:\windows\WinSxS\amd64_microsoft.windows.common-controls_6595b64144ccf1df_6.0.18362.175_none_e6c3ab1f131014c9\COMCTL32.dll
0x00007ff9c9fd0000 - 0x00007ff9ca06e000 	C:\windows\System32\msvcp_win.dll
0x00007ff9caac0000 - 0x00007ff9cab5e000 	C:\windows\System32\msvcrt.dll
0x00007ff9cb080000 - 0x00007ff9cb3b6000 	C:\windows\System32\combase.dll
0x00007ff9cace0000 - 0x00007ff9cae00000 	C:\windows\System32\RPCRT4.dll
0x00007ff9c8fd0000 - 0x00007ff9c9051000 	C:\windows\System32\bcryptPrimitives.dll
0x00007ff9ca8c0000 - 0x00007ff9ca8ee000 	C:\windows\System32\IMM32.DLL
0x00007ff9a7eb0000 - 0x00007ff9a7f4d000 	E:\intellij idea ∏∂∑—∞Ê\IntelliJ IDEA 2019.3.3\jbr\bin\msvcp140.dll
0x00007ff98ec50000 - 0x00007ff98f70b000 	E:\intellij idea ∏∂∑—∞Ê\IntelliJ IDEA 2019.3.3\jbr\bin\server\jvm.dll
0x00007ff9caa10000 - 0x00007ff9caab3000 	C:\windows\System32\ADVAPI32.dll
0x00007ff9cbb70000 - 0x00007ff9cbc07000 	C:\windows\System32\sechost.dll
0x00007ff9cbb60000 - 0x00007ff9cbb68000 	C:\windows\System32\PSAPI.DLL
0x00007ff9b4c60000 - 0x00007ff9b4c69000 	C:\windows\SYSTEM32\WSOCK32.dll
0x00007ff9cbc10000 - 0x00007ff9cbc7f000 	C:\windows\System32\WS2_32.dll
0x00007ff9c6300000 - 0x00007ff9c6324000 	C:\windows\SYSTEM32\WINMM.dll
0x00007ff9bc3a0000 - 0x00007ff9bc3aa000 	C:\windows\SYSTEM32\VERSION.dll
0x00007ff9c62d0000 - 0x00007ff9c62fd000 	C:\windows\SYSTEM32\WINMMBASE.dll
0x00007ff9c94b0000 - 0x00007ff9c94fa000 	C:\windows\System32\cfgmgr32.dll
0x00007ff9c8f20000 - 0x00007ff9c8f31000 	C:\windows\System32\kernel.appcore.dll
0x00007ff9c1b10000 - 0x00007ff9c1b21000 	E:\intellij idea ∏∂∑—∞Ê\IntelliJ IDEA 2019.3.3\jbr\bin\verify.dll
0x00007ff9c78a0000 - 0x00007ff9c7a94000 	C:\windows\SYSTEM32\DBGHELP.DLL
0x00007ff9b46b0000 - 0x00007ff9b46da000 	C:\windows\SYSTEM32\dbgcore.DLL
0x00007ff9b9f30000 - 0x00007ff9b9f59000 	E:\intellij idea ∏∂∑—∞Ê\IntelliJ IDEA 2019.3.3\jbr\bin\java.dll
0x00007ff9c4c20000 - 0x00007ff9c4c2f000 	E:\intellij idea ∏∂∑—∞Ê\IntelliJ IDEA 2019.3.3\jbr\bin\instrument.dll
0x00007ff9b8f20000 - 0x00007ff9b8f37000 	E:\intellij idea ∏∂∑—∞Ê\IntelliJ IDEA 2019.3.3\jbr\bin\zip.dll
0x00007ff9c4340000 - 0x00007ff9c434b000 	E:\intellij idea ∏∂∑—∞Ê\IntelliJ IDEA 2019.3.3\jbr\bin\jimage.dll
0x00007ff9ca100000 - 0x00007ff9ca7e0000 	C:\windows\System32\SHELL32.dll
0x00007ff9cbf50000 - 0x00007ff9cbff9000 	C:\windows\System32\shcore.dll
0x00007ff9c9750000 - 0x00007ff9c9ecb000 	C:\windows\System32\windows.storage.dll
0x00007ff9c8f40000 - 0x00007ff9c8f5f000 	C:\windows\System32\profapi.dll
0x00007ff9c8f60000 - 0x00007ff9c8faa000 	C:\windows\System32\powrprof.dll
0x00007ff9c8f10000 - 0x00007ff9c8f20000 	C:\windows\System32\UMPDC.dll
0x00007ff9ca9b0000 - 0x00007ff9caa02000 	C:\windows\System32\shlwapi.dll
0x00007ff9c9500000 - 0x00007ff9c9517000 	C:\windows\System32\cryptsp.dll
0x00007ff9b70b0000 - 0x00007ff9b70ca000 	E:\intellij idea ∏∂∑—∞Ê\IntelliJ IDEA 2019.3.3\jbr\bin\net.dll
0x00007ff9b8960000 - 0x00007ff9b8a4f000 	C:\windows\SYSTEM32\WINHTTP.dll
0x00007ff9c8780000 - 0x00007ff9c87e7000 	C:\windows\system32\mswsock.dll
0x00007ff9b6fd0000 - 0x00007ff9b6fe4000 	E:\intellij idea ∏∂∑—∞Ê\IntelliJ IDEA 2019.3.3\jbr\bin\nio.dll

dbghelp: loaded successfully - version: 4.0.5 - missing functions: none
symbol engine: initialized successfully - sym options: 0x614 - pdb path: .;E:\intellij idea ∏∂∑—∞Ê\IntelliJ IDEA 2019.3.3\jbr\bin;C:\windows\SYSTEM32;C:\windows\WinSxS\amd64_microsoft.windows.common-controls_6595b64144ccf1df_6.0.18362.175_none_e6c3ab1f131014c9;E:\intellij idea ∏∂∑—∞Ê\IntelliJ IDEA 2019.3.3\jbr\bin\;E:\intellij idea ∏∂∑—∞Ê\IntelliJ IDEA 2019.3.3\jbr\b;E:\intellij idea ∏∂∑—∞Ê\IntelliJ IDEA 2019.3.3\jb;E:\intellij idea ∏∂∑—∞Ê\IntelliJ IDEA 2019.3.3;E:\intellij idea ∏∂∑—∞Ê\IntelliJ IDEA 2019.;E:\intellij idea ∏∂∑—∞Ê\IntelliJ IDEA 20;E:\intellij idea ∏∂∑—∞Ê\IntelliJ IDEA;E:\intellij idea ∏∂∑—∞Ê\IntelliJ I

VM Arguments:
jvm_args: -ea -Didea.test.cyclic.buffer.size=1048576 -javaagent:E:\intellij idea ∏∂∑—∞Ê\IntelliJ IDEA 2019.3.3\lib\idea_rt.jar=51476:E:\intellij idea ∏∂∑—∞Ê\IntelliJ IDEA 2019.3.3\bin -Dfile.encoding=UTF-8 
java_command: com.intellij.rt.junit.JUnitStarter -ideVersion5 -junit5 com.example.springbootquick.SpringbootQuickApplicationTests,contextLoads
java_class_path (initial): E:\intellij idea ∏∂∑—∞Ê\IntelliJ IDEA 2019.3.3\lib\idea_rt.jar;E:\intellij idea ∏∂∑—∞Ê\IntelliJ IDEA 2019.3.3\plugins\junit\lib\junit5-rt.jar;E:\intellij idea ∏∂∑—∞Ê\IntelliJ IDEA 2019.3.3\plugins\junit\lib\junit-rt.jar;C:\Users\Administrator\IdeaProjects\springboot-quick\target\test-classes;C:\Users\Administrator\IdeaProjects\springboot-quick\target\classes;D:\œ¬‘ÿ\apache-maven-3.6.3-bin\LocalWarehouse\org\springframework\boot\spring-boot-starter-web\2.2.6.RELEASE\spring-boot-starter-web-2.2.6.RELEASE.jar;D:\œ¬‘ÿ\apache-maven-3.6.3-bin\LocalWarehouse\org\springframework\boot\spring-boot-starter\2.2.6.RELEASE\spring-boot-starter-2.2.6.RELEASE.jar;D:\œ¬‘ÿ\apache-maven-3.6.3-bin\LocalWarehouse\org\springframework\boot\spring-boot\2.2.6.RELEASE\spring-boot-2.2.6.RELEASE.jar;D:\œ¬‘ÿ\apache-maven-3.6.3-bin\LocalWarehouse\org\springframework\boot\spring-boot-autoconfigure\2.2.6.RELEASE\spring-boot-autoconfigure-2.2.6.RELEASE.jar;D:\œ¬‘ÿ\apache-maven-3.6.3-bin\LocalWarehouse\org\springframework\boot\spring-boot-starter-logging\2.2.6.RELEASE\spring-boot-starter-logging-2.2.6.RELEASE.jar;D:\œ¬‘ÿ\apache-maven-3.6.3-bin\LocalWarehouse\ch\qos\logback\logback-classic\1.2.3\logback-classic-1.2.3.jar;D:\œ¬‘ÿ\apache-maven-3.6.3-bin\LocalWarehouse\ch\qos\logback\logback-core\1.2.3\logback-core-1.2.3.jar;D:\œ¬‘ÿ\apache-maven-3.6.3-bin\LocalWarehouse\org\apache\logging\log4j\log4j-to-slf4j\2.12.1\log4j-to-slf4j-2.12.1.jar;D:\œ¬‘ÿ\apache-maven-3.6.3-bin\LocalWarehouse\org\apache\logging\log4j\log4j-api\2.12.1\log4j-api-2.12.1.jar;D:\œ¬‘ÿ\apache-maven-3.6.3-bin\LocalWarehouse\org\slf4j\jul-to-slf4j\1.7.30\jul-to-slf4j-1.7.30.jar;D:\œ¬‘ÿ\apache-maven-3.6.3-bin\LocalWarehouse\jakarta\annotation\jakarta.annotation-api\1.3.5\jakarta.annotation-api-1.3.5.jar;D:\œ¬‘ÿ\apache-maven-3.6.3-bin\LocalWarehouse\org\yaml\snakeyaml\1.25\snakeyaml-1.25.jar;D:\œ¬‘ÿ\apache-maven-3.6.3-bin\LocalWarehouse\org\springframework\boot\spring-boot-starter-json\2.2.6.RELEASE\spring-bo
Launcher Type: SUN_STANDARD

[Global flags]
     intx CICompilerCount                          = 3                                         {product} {ergonomic}
     uint ConcGCThreads                            = 1                                         {product} {ergonomic}
     uint G1ConcRefinementThreads                  = 4                                         {product} {ergonomic}
   size_t G1HeapRegionSize                         = 1048576                                   {product} {ergonomic}
    uintx GCDrainStackTargetSize                   = 64                                        {product} {ergonomic}
   size_t InitialHeapSize                          = 67108864                                  {product} {ergonomic}
   size_t MarkStackSize                            = 4194304                                   {product} {ergonomic}
   size_t MaxHeapSize                              = 1052770304                                {product} {ergonomic}
   size_t MaxNewSize                               = 631242752                                 {product} {ergonomic}
   size_t MinHeapDeltaBytes                        = 1048576                                   {product} {ergonomic}
    uintx NonNMethodCodeHeapSize                   = 5830732                                {pd product} {ergonomic}
    uintx NonProfiledCodeHeapSize                  = 122913754                              {pd product} {ergonomic}
    uintx ProfiledCodeHeapSize                     = 122913754                              {pd product} {ergonomic}
    uintx ReservedCodeCacheSize                    = 251658240                              {pd product} {ergonomic}
     bool SegmentedCodeCache                       = true                                      {product} {ergonomic}
     bool UseCompressedClassPointers               = true                                 {lp64_product} {ergonomic}
     bool UseCompressedOops                        = true                                 {lp64_product} {ergonomic}
     bool UseG1GC                                  = true                                      {product} {ergonomic}
     bool UseLargePagesIndividualAllocation        = false                                  {pd product} {ergonomic}

Logging:
Log output configuration:
 #0: stdout all=warning uptime,level,tags
 #1: stderr all=off uptime,level,tags

Environment Variables:
JAVA_HOME=C:\Program Files\Java\jre1.8.0_241
CLASSPATH=.;C:\Program Files\Java\jre1.8.0_241\lib\dt.jar;C:\Program Files\Java\jre1.8.0_241\lib\tools.jar;
PATH=C:\Program Files (x86)\Common Files\Oracle\Java\javapath;D:\œ¬‘ÿ\apache-maven-3.6.3-bin\apache-maven-3.6.3\bin;C:\windows\system32;C:\windows;C:\windows\System32\Wbem;C:\windows\System32\WindowsPowerShell\v1.0\;C:\windows\System32\OpenSSH\;D:\nodejs\;"C:\Program Files\Java\jre1.8.0_241\bin;C:\Program Files\Java\jre1.8.0_241\jre\bin";D:\tomcat\apache-tomcat-8.5.53\bin;D:\tomcat\apache-tomcat-8.5.53\lib;C:\Program Files (x86)\Windows Kits\8.1\Windows Performance Toolkit\;D:\pythonª∑æ≥\Python\Python38;D:\git\Git\cmd;C:\Program Files\MySQL\MySQL Server 8.0\bin;C:\Users\Administrator\AppData\Local\Programs\Python\Python38\Scripts\;C:\Users\Administrator\AppData\Local\Programs\Python\Python38\;C:\Users\Administrator\AppData\Local\Microsoft\WindowsApps;C:\Users\Administrator\AppData\Roaming\npm;D:\VScode\Microsoft VS Code\bin;E:\intellij idea ∏∂∑—∞Ê\IntelliJ IDEA 2019.3.3\bin;;D:\PyCharm\PyCharm Community Edition 2019.3.3\bin;;D:\git\Git\cmd;D:\œ¬‘ÿ\apache-maven-3.6.3-bin\apache-maven-3.6.3\bin;"C:\Program Files\Java\jre1.8.0_241\bin;C:\Program Files\Java\jre1.8.0_241\jre\bin";C:\web\mysql-8.0.19-winx64\mysql-8.0.19-winx64\bin\bin;"D:\tomcat\apache-tomcat-8.5.53\lib;D:\tomcat\apache-tomcat-8.5.53\bin";
USERNAME=Administrator
OS=Windows_NT
PROCESSOR_IDENTIFIER=Intel64 Family 6 Model 142 Stepping 9, GenuineIntel



---------------  S Y S T E M  ---------------

OS: Windows 10 , 64 bit Build 18362 (10.0.18362.86)

CPU:total 4 (initial active 4) (2 cores per cpu, 2 threads per core) family 6 model 142 stepping 9, cmov, cx8, fxsr, mmx, sse, sse2, sse3, ssse3, sse4.1, sse4.2, popcnt, avx, avx2, aes, clmul, erms, 3dnowpref, lzcnt, ht, tsc, tscinvbit, bmi1, bmi2, adx, fma

Memory: 4k page, system-wide physical 4012M (150M free)
TotalPageFile size 10555M (AvailPageFile size 5M)
current process WorkingSet (physical memory assigned to process): 103M, peak: 103M
current process commit charge ("private bytes"): 154M, peak: 154M

vm_info: OpenJDK 64-Bit Server VM (11.0.5+10-b520.38) for windows-amd64 JRE (11.0.5+10-b520.38), built on Jan 23 2020 07:58:32 by "" with MS VC++ 14.0 (VS2015)

END.
